Determining if the function dwarf_producer_init_c exists failed with the following output:
Change Dir: /home/jyh/bustub-private/build_rel/CMakeFiles/CMakeTmp

Run Build Command(s):/usr/bin/gmake -f Makefile cmTC_bc563/fast && /usr/bin/gmake  -f CMakeFiles/cmTC_bc563.dir/build.make CMakeFiles/cmTC_bc563.dir/build
gmake[1]: 进入目录“/home/jyh/bustub-private/build_rel/CMakeFiles/CMakeTmp”
Building C object CMakeFiles/cmTC_bc563.dir/CheckFunctionExists.c.o
/usr/bin/cc  -I/usr/include/libdwarf -DCHECK_FUNCTION_EXISTS=dwarf_producer_init_c -std=c++0x -fPIE -o CMakeFiles/cmTC_bc563.dir/CheckFunctionExists.c.o -c /usr/share/cmake-3.22/Modules/CheckFunctionExists.c
cc1: warning: command-line option ‘-std=c++11’ is valid for C++/ObjC++ but not for C
Linking C executable cmTC_bc563
/usr/bin/cmake -E cmake_link_script CMakeFiles/cmTC_bc563.dir/link.txt --verbose=1
/usr/bin/cc  -DCHECK_FUNCTION_EXISTS=dwarf_producer_init_c -std=c++0x CMakeFiles/cmTC_bc563.dir/CheckFunctionExists.c.o -o cmTC_bc563  /usr/lib/x86_64-linux-gnu/libdwarf.so /usr/lib/x86_64-linux-gnu/libelf.so 
/usr/bin/ld: CMakeFiles/cmTC_bc563.dir/CheckFunctionExists.c.o: in function `main':
CheckFunctionExists.c:(.text+0x14): undefined reference to `dwarf_producer_init_c'
collect2: error: ld returned 1 exit status
gmake[1]: *** [CMakeFiles/cmTC_bc563.dir/build.make:101：cmTC_bc563] 错误 1
gmake[1]: 离开目录“/home/jyh/bustub-private/build_rel/CMakeFiles/CMakeTmp”
gmake: *** [Makefile:127：cmTC_bc563/fast] 错误 2



Determining if the function dwarf_producer_init_c exists failed with the following output:
Change Dir: /home/jyh/bustub-private/build_rel/CMakeFiles/CMakeTmp

Run Build Command(s):/usr/bin/gmake -f Makefile cmTC_461ce/fast && /usr/bin/gmake  -f CMakeFiles/cmTC_461ce.dir/build.make CMakeFiles/cmTC_461ce.dir/build
gmake[1]: 进入目录“/home/jyh/bustub-private/build_rel/CMakeFiles/CMakeTmp”
Building C object CMakeFiles/cmTC_461ce.dir/CheckFunctionExists.c.o
/usr/bin/cc  -I/usr/include/libdwarf -DCHECK_FUNCTION_EXISTS=dwarf_producer_init_c -std=c++0x -fPIE -o CMakeFiles/cmTC_461ce.dir/CheckFunctionExists.c.o -c /usr/share/cmake-3.22/Modules/CheckFunctionExists.c
cc1: warning: command-line option ‘-std=c++11’ is valid for C++/ObjC++ but not for C
Linking C executable cmTC_461ce
/usr/bin/cmake -E cmake_link_script CMakeFiles/cmTC_461ce.dir/link.txt --verbose=1
/usr/bin/cc  -DCHECK_FUNCTION_EXISTS=dwarf_producer_init_c -std=c++0x CMakeFiles/cmTC_461ce.dir/CheckFunctionExists.c.o -o cmTC_461ce  /usr/lib/x86_64-linux-gnu/libdwarf.so /usr/lib/x86_64-linux-gnu/libelf.so 
/usr/bin/ld: CMakeFiles/cmTC_461ce.dir/CheckFunctionExists.c.o: in function `main':
CheckFunctionExists.c:(.text+0x14): undefined reference to `dwarf_producer_init_c'
collect2: error: ld returned 1 exit status
gmake[1]: *** [CMakeFiles/cmTC_461ce.dir/build.make:101：cmTC_461ce] 错误 1
gmake[1]: 离开目录“/home/jyh/bustub-private/build_rel/CMakeFiles/CMakeTmp”
gmake: *** [Makefile:127：cmTC_461ce/fast] 错误 2



Determining if the function dwarf_producer_init_c exists failed with the following output:
Change Dir: /home/jyh/bustub-private/build_rel/CMakeFiles/CMakeTmp

Run Build Command(s):/usr/bin/gmake -f Makefile cmTC_414a3/fast && /usr/bin/gmake  -f CMakeFiles/cmTC_414a3.dir/build.make CMakeFiles/cmTC_414a3.dir/build
gmake[1]: 进入目录“/home/jyh/bustub-private/build_rel/CMakeFiles/CMakeTmp”
Building C object CMakeFiles/cmTC_414a3.dir/CheckFunctionExists.c.o
/usr/bin/cc  -I/usr/include/libdwarf -DCHECK_FUNCTION_EXISTS=dwarf_producer_init_c -std=c++0x -fPIE -o CMakeFiles/cmTC_414a3.dir/CheckFunctionExists.c.o -c /usr/share/cmake-3.22/Modules/CheckFunctionExists.c
cc1: warning: command-line option ‘-std=c++11’ is valid for C++/ObjC++ but not for C
Linking C executable cmTC_414a3
/usr/bin/cmake -E cmake_link_script CMakeFiles/cmTC_414a3.dir/link.txt --verbose=1
/usr/bin/cc  -DCHECK_FUNCTION_EXISTS=dwarf_producer_init_c -std=c++0x CMakeFiles/cmTC_414a3.dir/CheckFunctionExists.c.o -o cmTC_414a3  /usr/lib/x86_64-linux-gnu/libdwarf.so /usr/lib/x86_64-linux-gnu/libelf.so 
/usr/bin/ld: CMakeFiles/cmTC_414a3.dir/CheckFunctionExists.c.o: in function `main':
CheckFunctionExists.c:(.text+0x14): undefined reference to `dwarf_producer_init_c'
collect2: error: ld returned 1 exit status
gmake[1]: *** [CMakeFiles/cmTC_414a3.dir/build.make:101：cmTC_414a3] 错误 1
gmake[1]: 离开目录“/home/jyh/bustub-private/build_rel/CMakeFiles/CMakeTmp”
gmake: *** [Makefile:127：cmTC_414a3/fast] 错误 2



Determining if the function dwarf_producer_init_c exists failed with the following output:
Change Dir: /home/jyh/bustub-private/build_rel/CMakeFiles/CMakeTmp

Run Build Command(s):/usr/bin/gmake -f Makefile cmTC_b2c2b/fast && /usr/bin/gmake  -f CMakeFiles/cmTC_b2c2b.dir/build.make CMakeFiles/cmTC_b2c2b.dir/build
gmake[1]: 进入目录“/home/jyh/bustub-private/build_rel/CMakeFiles/CMakeTmp”
Building C object CMakeFiles/cmTC_b2c2b.dir/CheckFunctionExists.c.o
/usr/bin/cc  -I/usr/include/libdwarf -DCHECK_FUNCTION_EXISTS=dwarf_producer_init_c -std=c++0x -fPIE -o CMakeFiles/cmTC_b2c2b.dir/CheckFunctionExists.c.o -c /usr/share/cmake-3.22/Modules/CheckFunctionExists.c
cc1: warning: command-line option ‘-std=c++11’ is valid for C++/ObjC++ but not for C
Linking C executable cmTC_b2c2b
/usr/bin/cmake -E cmake_link_script CMakeFiles/cmTC_b2c2b.dir/link.txt --verbose=1
/usr/bin/cc  -DCHECK_FUNCTION_EXISTS=dwarf_producer_init_c -std=c++0x CMakeFiles/cmTC_b2c2b.dir/CheckFunctionExists.c.o -o cmTC_b2c2b  /usr/lib/x86_64-linux-gnu/libdwarf.so /usr/lib/x86_64-linux-gnu/libelf.so 
/usr/bin/ld: CMakeFiles/cmTC_b2c2b.dir/CheckFunctionExists.c.o: in function `main':
CheckFunctionExists.c:(.text+0x14): undefined reference to `dwarf_producer_init_c'
collect2: error: ld returned 1 exit status
gmake[1]: *** [CMakeFiles/cmTC_b2c2b.dir/build.make:101：cmTC_b2c2b] 错误 1
gmake[1]: 离开目录“/home/jyh/bustub-private/build_rel/CMakeFiles/CMakeTmp”
gmake: *** [Makefile:127：cmTC_b2c2b/fast] 错误 2



Determining if the function dwarf_producer_init_c exists failed with the following output:
Change Dir: /home/jyh/bustub-private/build_rel/CMakeFiles/CMakeTmp

Run Build Command(s):/usr/bin/gmake -f Makefile cmTC_0087a/fast && /usr/bin/gmake  -f CMakeFiles/cmTC_0087a.dir/build.make CMakeFiles/cmTC_0087a.dir/build
gmake[1]: 进入目录“/home/jyh/bustub-private/build_rel/CMakeFiles/CMakeTmp”
Building C object CMakeFiles/cmTC_0087a.dir/CheckFunctionExists.c.o
/usr/bin/cc  -I/usr/include/libdwarf -DCHECK_FUNCTION_EXISTS=dwarf_producer_init_c -std=c++0x -fPIE -o CMakeFiles/cmTC_0087a.dir/CheckFunctionExists.c.o -c /usr/share/cmake-3.22/Modules/CheckFunctionExists.c
cc1: warning: command-line option ‘-std=c++11’ is valid for C++/ObjC++ but not for C
Linking C executable cmTC_0087a
/usr/bin/cmake -E cmake_link_script CMakeFiles/cmTC_0087a.dir/link.txt --verbose=1
/usr/bin/cc  -DCHECK_FUNCTION_EXISTS=dwarf_producer_init_c -std=c++0x CMakeFiles/cmTC_0087a.dir/CheckFunctionExists.c.o -o cmTC_0087a  /usr/lib/x86_64-linux-gnu/libdwarf.so /usr/lib/x86_64-linux-gnu/libelf.so 
/usr/bin/ld: CMakeFiles/cmTC_0087a.dir/CheckFunctionExists.c.o: in function `main':
CheckFunctionExists.c:(.text+0x14): undefined reference to `dwarf_producer_init_c'
collect2: error: ld returned 1 exit status
gmake[1]: *** [CMakeFiles/cmTC_0087a.dir/build.make:101：cmTC_0087a] 错误 1
gmake[1]: 离开目录“/home/jyh/bustub-private/build_rel/CMakeFiles/CMakeTmp”
gmake: *** [Makefile:127：cmTC_0087a/fast] 错误 2



